[{"line":1,"elements":[{"start_timestamp":"2024-10-24T11:39:23.354Z","before":[{"result":{"duration":17221026100,"status":"passed"},"match":{"location":"org.Hooks.Hooks.Setup()"}}],"line":3,"name":"login should pass and navigate to next","description":"","id":"test-automation-for-adactin-loginpage;login-should-pass-and-navigate-to-next","after":[{"result":{"duration":30387900,"status":"passed"},"match":{"location":"org.Hooks.Hooks.teardown()"}}],"type":"scenario","keyword":"Scenario","steps":[{"result":{"duration":444428300,"status":"passed"},"line":4,"name":"user enter the userName as \"rupeshdevendran\"","match":{"arguments":[{"val":"\"rupeshdevendran\"","offset":27}],"location":"org.Step_Definition.Step_definition.userEnterTheUserNameAs(java.lang.String)"},"keyword":"Given "},{"result":{"duration":332204500,"status":"passed"},"line":5,"name":"user enter the Password as \"rupesh123456789\"","match":{"arguments":[{"val":"\"rupesh123456789\"","offset":27}],"location":"org.Step_Definition.Step_definition.userEnterThePasswordAs(java.lang.String)"},"keyword":"And "},{"result":{"duration":1382613700,"status":"passed"},"line":6,"name":"user click the login button","match":{"location":"org.Step_Definition.Step_definition.userClickTheLoginButton()"},"keyword":"When "},{"result":{"duration":67600400,"status":"passed"},"line":7,"name":"user login should pass navigate to search hotel page","match":{"location":"org.Step_Definition.Step_definition.userLoginShouldPassNavigateToSearchHotelPage()"},"keyword":"Then "},{"result":{"duration":337646400,"status":"passed"},"line":8,"name":"user should Select the location of the Hotel","match":{"location":"org.Step_Definition.Step_definition.userShouldSelectTheLocationOfTheHotel()"},"keyword":"And "},{"result":{"duration":270214400,"status":"passed"},"line":9,"name":"user Should select the Hotel","match":{"location":"org.Step_Definition.Step_definition.userShouldSelectTheHotel()"},"keyword":"And "},{"result":{"duration":272545200,"status":"passed"},"line":10,"name":"user should Select Room type Required to stay","match":{"location":"org.Step_Definition.Step_definition.userShouldSelectRoomTypeRequiredToStay()"},"keyword":"And "},{"result":{"duration":291654400,"status":"passed"},"line":11,"name":"user should select Number of Rooms Required","match":{"location":"org.Step_Definition.Step_definition.userShouldSelectNumberOfRoomsRequired()"},"keyword":"And "},{"result":{"duration":134743400,"status":"passed"},"line":12,"name":"user select the check In Date","match":{"location":"org.Step_Definition.Step_definition.userSelectTheCheckInDate()"},"keyword":"And "},{"result":{"error_message":"org.openqa.selenium.remote.UnreachableBrowserException: Error communicating with the remote browser. It may have died.\nBuild info: version: '4.23.1', revision: '656257d8e9'\nSystem info: os.name: 'Windows 11', os.arch: 'amd64', os.version: '10.0', java.version: '22.0.2'\nDriver info: org.openqa.selenium.chrome.ChromeDriver\nCommand: [1743dc10800eaa93327c40c6ad56af25, sendKeysToElement [id, value]]\nCapabilities {acceptInsecureCerts: false, browserName: chrome, browserVersion: 130.0.6723.69, chrome: {chromedriverVersion: 130.0.6723.69 (3ec172b971b9..., userDataDir: C:\\Users\\HP\\AppData\\Local\\T...}, fedcm:accounts: true, goog:chromeOptions: {debuggerAddress: localhost:53572}, networkConnectionEnabled: false, pageLoadStrategy: normal, platformName: windows, proxy: Proxy(), se:cdp: ws://localhost:53572/devtoo..., se:cdpVersion: 130.0.6723.69, setWindowRect: true, strictFileInteractability: false, timeouts: {implicit: 0, pageLoad: 300000, script: 30000}, unhandledPromptBehavior: dismiss and notify, webauthn:extension:credBlob: true, webauthn:extension:largeBlob: true, webauthn:extension:minPinLength: true, webauthn:extension:prf: true, webauthn:virtualAuthenticators: true}\nElement: [[ChromeDriver: chrome on windows (1743dc10800eaa93327c40c6ad56af25)] -> id: datepick_out]\nSession ID: 1743dc10800eaa93327c40c6ad56af25\r\n\tat org.openqa.selenium.remote.RemoteWebDriver.execute(RemoteWebDriver.java:572)\r\n\tat org.openqa.selenium.remote.RemoteWebElement.execute(RemoteWebElement.java:223)\r\n\tat org.openqa.selenium.remote.RemoteWebElement.sendKeys(RemoteWebElement.java:110)\r\n\tat java.base/jdk.internal.reflect.DirectMethodHandleAccessor.invoke(DirectMethodHandleAccessor.java:103)\r\n\tat java.base/java.lang.reflect.Method.invoke(Method.java:580)\r\n\tat org.openqa.selenium.support.pagefactory.internal.LocatingElementHandler.invoke(LocatingElementHandler.java:51)\r\n\tat jdk.proxy2/jdk.proxy2.$Proxy25.sendKeys(Unknown Source)\r\n\tat org.Base.Baseclass.insert(Baseclass.java:52)\r\n\tat org.Step_Definition.Step_definition.userSelectTheCheckOutDate(Step_definition.java:76)\r\n\tat âœ½.user select the check out Date(file:///D:/Java%20Selenium%20practice/Selenium%20Intergration/Adactin_HotelApp/src/test/java/Feature/login.feature:13)\r\nCaused by: java.io.UncheckedIOException: java.io.IOException: HTTP/1.1 header parser received no bytes\r\n\tat org.openqa.selenium.remote.http.jdk.JdkHttpClient.execute0(JdkHttpClient.java:458)\r\n\tat org.openqa.selenium.remote.http.AddSeleniumUserAgent.lambda$apply$0(AddSeleniumUserAgent.java:42)\r\n\tat org.openqa.selenium.remote.http.Filter.lambda$andFinally$1(Filter.java:55)\r\n\tat org.openqa.selenium.remote.http.jdk.JdkHttpClient.execute(JdkHttpClient.java:374)\r\n\tat org.openqa.selenium.remote.HttpCommandExecutor.execute(HttpCommandExecutor.java:187)\r\n\tat org.openqa.selenium.remote.service.DriverCommandExecutor.invokeExecute(DriverCommandExecutor.java:216)\r\n\tat org.openqa.selenium.remote.service.DriverCommandExecutor.execute(DriverCommandExecutor.java:174)\r\n\tat org.openqa.selenium.remote.RemoteWebDriver.execute(RemoteWebDriver.java:545)\r\n\tat org.openqa.selenium.remote.RemoteWebElement.execute(RemoteWebElement.java:223)\r\n\tat org.openqa.selenium.remote.RemoteWebElement.sendKeys(RemoteWebElement.java:110)\r\n\tat java.base/jdk.internal.reflect.DirectMethodHandleAccessor.invoke(DirectMethodHandleAccessor.java:103)\r\n\tat java.base/java.lang.reflect.Method.invoke(Method.java:580)\r\n\tat org.openqa.selenium.support.pagefactory.internal.LocatingElementHandler.invoke(LocatingElementHandler.java:51)\r\n\tat jdk.proxy2/jdk.proxy2.$Proxy25.sendKeys(Unknown Source)\r\n\tat org.Base.Baseclass.insert(Baseclass.java:52)\r\n\tat org.Step_Definition.Step_definition.userSelectTheCheckOutDate(Step_definition.java:76)\r\n\tat java.base/jdk.internal.reflect.DirectMethodHandleAccessor.invoke(DirectMethodHandleAccessor.java:103)\r\n\tat java.base/java.lang.reflect.Method.invoke(Method.java:580)\r\n\tat io.cucumber.java.Invoker.doInvoke(Invoker.java:66)\r\n\tat io.cucumber.java.Invoker.invoke(Invoker.java:24)\r\n\tat io.cucumber.java.AbstractGlueDefinition.invokeMethod(AbstractGlueDefinition.java:47)\r\n\tat io.cucumber.java.JavaStepDefinition.execute(JavaStepDefinition.java:29)\r\n\tat io.cucumber.core.runner.CoreStepDefinition.execute(CoreStepDefinition.java:66)\r\n\tat io.cucumber.core.runner.PickleStepDefinitionMatch.runStep(PickleStepDefinitionMatch.java:63)\r\n\tat io.cucumber.core.runner.ExecutionMode$1.execute(ExecutionMode.java:10)\r\n\tat io.cucumber.core.runner.TestStep.executeStep(TestStep.java:81)\r\n\tat io.cucumber.core.runner.TestStep.run(TestStep.java:53)\r\n\tat io.cucumber.core.runner.PickleStepTestStep.run(PickleStepTestStep.java:51)\r\n\tat io.cucumber.core.runner.TestCase.run(TestCase.java:84)\r\n\tat io.cucumber.core.runner.Runner.runPickle(Runner.java:75)\r\n\tat io.cucumber.junit.PickleRunners$NoStepDescriptions.lambda$run$0(PickleRunners.java:151)\r\n\tat io.cucumber.core.runtime.CucumberExecutionContext.lambda$runTestCase$5(CucumberExecutionContext.java:136)\r\n\tat io.cucumber.core.runtime.RethrowingThrowableCollector.executeAndThrow(RethrowingThrowableCollector.java:23)\r\n\tat io.cucumber.core.runtime.CucumberExecutionContext.runTestCase(CucumberExecutionContext.java:136)\r\n\tat io.cucumber.junit.PickleRunners$NoStepDescriptions.run(PickleRunners.java:148)\r\n\tat io.cucumber.junit.FeatureRunner.runChild(FeatureRunner.java:144)\r\n\tat io.cucumber.junit.FeatureRunner.runChild(FeatureRunner.java:28)\r\n\tat org.junit.runners.ParentRunner$4.run(ParentRunner.java:331)\r\n\tat org.junit.runners.ParentRunner$1.schedule(ParentRunner.java:79)\r\n\tat org.junit.runners.ParentRunner.runChildren(ParentRunner.java:329)\r\n\tat org.junit.runners.ParentRunner.access$100(ParentRunner.java:66)\r\n\tat org.junit.runners.ParentRunner$2.evaluate(ParentRunner.java:293)\r\n\tat org.junit.runners.ParentRunner$3.evaluate(ParentRunner.java:306)\r\n\tat org.junit.runners.ParentRunner.run(ParentRunner.java:413)\r\n\tat io.cucumber.junit.FeatureRunner.run(FeatureRunner.java:137)\r\n\tat io.cucumber.junit.Cucumber.runChild(Cucumber.java:196)\r\n\tat io.cucumber.junit.Cucumber.runChild(Cucumber.java:89)\r\n\tat org.junit.runners.ParentRunner$4.run(ParentRunner.java:331)\r\n\tat org.junit.runners.ParentRunner$1.schedule(ParentRunner.java:79)\r\n\tat org.junit.runners.ParentRunner.runChildren(ParentRunner.java:329)\r\n\tat org.junit.runners.ParentRunner.access$100(ParentRunner.java:66)\r\n\tat org.junit.runners.ParentRunner$2.evaluate(ParentRunner.java:293)\r\n\tat io.cucumber.core.runtime.CucumberExecutionContext.lambda$runFeatures$6(CucumberExecutionContext.java:147)\r\n\tat io.cucumber.core.runtime.CucumberExecutionContext.execute(CucumberExecutionContext.java:162)\r\n\tat io.cucumber.core.runtime.CucumberExecutionContext.runFeatures(CucumberExecutionContext.java:145)\r\n\tat io.cucumber.junit.Cucumber$StartAndFinishTestRun.evaluate(Cucumber.java:226)\r\n\tat org.junit.runners.ParentRunner$3.evaluate(ParentRunner.java:306)\r\n\tat org.junit.runners.ParentRunner.run(ParentRunner.java:413)\r\n\tat org.eclipse.jdt.internal.junit4.runner.JUnit4TestReference.run(JUnit4TestReference.java:86)\r\n\tat org.eclipse.jdt.internal.junit.runner.TestExecution.run(TestExecution.java:38)\r\n\tat org.eclipse.jdt.internal.junit.runner.RemoteTestRunner.runTests(RemoteTestRunner.java:538)\r\n\tat org.eclipse.jdt.internal.junit.runner.RemoteTestRunner.runTests(RemoteTestRunner.java:760)\r\n\tat org.eclipse.jdt.internal.junit.runner.RemoteTestRunner.run(RemoteTestRunner.java:460)\r\n\tat org.eclipse.jdt.internal.junit.runner.RemoteTestRunner.main(RemoteTestRunner.java:206)\r\nCaused by: java.io.IOException: HTTP/1.1 header parser received no bytes\r\n\tat java.net.http/jdk.internal.net.http.common.Utils.wrapWithExtraDetail(Utils.java:440)\r\n\tat java.net.http/jdk.internal.net.http.Http1Response$HeadersReader.onReadError(Http1Response.java:590)\r\n\tat java.net.http/jdk.internal.net.http.Http1AsyncReceiver.checkForErrors(Http1AsyncReceiver.java:302)\r\n\tat java.net.http/jdk.internal.net.http.Http1AsyncReceiver.flush(Http1AsyncReceiver.java:268)\r\n\tat java.net.http/jdk.internal.net.http.common.SequentialScheduler$LockingRestartableTask.run(SequentialScheduler.java:182)\r\n\tat java.net.http/jdk.internal.net.http.common.SequentialScheduler$CompleteRestartableTask.run(SequentialScheduler.java:149)\r\n\tat java.net.http/jdk.internal.net.http.common.SequentialScheduler$SchedulableTask.run(SequentialScheduler.java:207)\r\n\tat java.base/java.util.concurrent.ThreadPoolExecutor.runWorker(ThreadPoolExecutor.java:1144)\r\n\tat java.base/java.util.concurrent.ThreadPoolExecutor$Worker.run(ThreadPoolExecutor.java:642)\r\n\tat java.base/java.lang.Thread.run(Thread.java:1570)\r\nCaused by: java.net.SocketException: Connection reset\r\n\tat java.base/sun.nio.ch.SocketChannelImpl.throwConnectionReset(SocketChannelImpl.java:403)\r\n\tat java.base/sun.nio.ch.SocketChannelImpl.implRead(SocketChannelImpl.java:435)\r\n\tat java.base/sun.nio.ch.SocketChannelImpl.read(SocketChannelImpl.java:493)\r\n\tat java.net.http/jdk.internal.net.http.SocketTube.readAvailable(SocketTube.java:1178)\r\n\tat java.net.http/jdk.internal.net.http.SocketTube$InternalReadPublisher$InternalReadSubscription.read(SocketTube.java:841)\r\n\tat java.net.http/jdk.internal.net.http.SocketTube$SocketFlowTask.run(SocketTube.java:181)\r\n\tat java.net.http/jdk.internal.net.http.common.SequentialScheduler$SchedulableTask.run(SequentialScheduler.java:207)\r\n\tat java.net.http/jdk.internal.net.http.common.SequentialScheduler.runOrSchedule(SequentialScheduler.java:280)\r\n\tat java.net.http/jdk.internal.net.http.common.SequentialScheduler.runOrSchedule(SequentialScheduler.java:233)\r\n\tat java.net.http/jdk.internal.net.http.SocketTube$InternalReadPublisher$InternalReadSubscription.signalReadable(SocketTube.java:782)\r\n\tat java.net.http/jdk.internal.net.http.SocketTube$InternalReadPublisher$ReadEvent.signalEvent(SocketTube.java:965)\r\n\tat java.net.http/jdk.internal.net.http.SocketTube$SocketFlowEvent.handle(SocketTube.java:253)\r\n\tat java.net.http/jdk.internal.net.http.HttpClientImpl$SelectorManager.handleEvent(HttpClientImpl.java:1476)\r\n\tat java.net.http/jdk.internal.net.http.HttpClientImpl$SelectorManager.lambda$run$3(HttpClientImpl.java:1421)\r\n\tat java.base/java.util.ArrayList.forEach(ArrayList.java:1597)\r\n\tat java.net.http/jdk.internal.net.http.HttpClientImpl$SelectorManager.run(HttpClientImpl.java:1421)\r\n","duration":1545033700,"status":"failed"},"line":13,"name":"user select the check out Date","match":{"location":"org.Step_Definition.Step_definition.userSelectTheCheckOutDate()"},"keyword":"And "},{"result":{"duration":1008100,"status":"skipped"},"line":14,"name":"user select Number of Adults per Room","match":{"location":"org.Step_Definition.Step_definition.userSelectNumberOfAdultsPerRoom()"},"keyword":"And "},{"result":{"duration":1024500,"status":"skipped"},"line":15,"name":"user select Number of children per Room","match":{"location":"org.Step_Definition.Step_definition.userSelectNumberOfChildrenPerRoom()"},"keyword":"And "},{"result":{"duration":1017200,"status":"skipped"},"line":16,"name":"user clicks the Search button","match":{"location":"org.Step_Definition.Step_definition.userClicksTheSearchButton()"},"keyword":"When "},{"result":{"status":"skipped"},"line":17,"name":"user should navigate to SelectHotel page","match":{"location":"org.Step_Definition.Step_definition.userShouldNavigateToSelectHotelPage()"},"keyword":"Then "},{"result":{"duration":1022500,"status":"skipped"},"line":18,"name":"user should select the selecthotel radiobtn","match":{"location":"org.Step_Definition.Step_definition.userShouldSelectTheSelecthotelRadiobtn()"},"keyword":"And "},{"result":{"duration":1001000,"status":"skipped"},"line":19,"name":"user click the continue button","match":{"location":"org.Step_Definition.Step_definition.userClickTheContinueButton()"},"keyword":"When "},{"result":{"status":"skipped"},"line":20,"name":"user should navigate to Book a Hotel page","match":{"location":"org.Step_Definition.Step_definition.userShouldNavigateToBookAHotelPage()"},"keyword":"Then "},{"result":{"duration":1019400,"status":"skipped"},"line":21,"name":"user should enter the Firstname","match":{"location":"org.Step_Definition.Step_definition.userShouldEnterTheFirstname()"},"keyword":"And "},{"result":{"status":"skipped"},"line":22,"name":"user enters the lastname","match":{"location":"org.Step_Definition.Step_definition.userEntersTheLastname()"},"keyword":"And "},{"result":{"duration":1084900,"status":"skipped"},"line":23,"name":"user fills the Billing Address","match":{"location":"org.Step_Definition.Step_definition.userFillsTheBillingAddress()"},"keyword":"And "},{"result":{"status":"skipped"},"line":24,"name":"user enters the Credit Card Number","match":{"location":"org.Step_Definition.Step_definition.userEntersTheCreditCardNumber()"},"keyword":"And "},{"result":{"status":"skipped"},"line":25,"name":"user Selects the Credit Card type","match":{"location":"org.Step_Definition.Step_definition.userSelectsTheCreditCardType()"},"keyword":"And "},{"result":{"status":"skipped"},"line":26,"name":"user selects the Expiry date","match":{"location":"org.Step_Definition.Step_definition.userSelectsTheExpiryDate()"},"keyword":"And "},{"result":{"duration":1175400,"status":"skipped"},"line":27,"name":"User Selects the Expiry Month","match":{"location":"org.Step_Definition.Step_definition.userSelectsTheExpiryMonth()"},"keyword":"And "},{"result":{"duration":1322700,"status":"skipped"},"line":28,"name":"user enters the CVV Number","match":{"location":"org.Step_Definition.Step_definition.userEntersTheCVVNumber()"},"keyword":"And "},{"result":{"duration":993800,"status":"skipped"},"line":29,"name":"user Clicks the Book Now button","match":{"location":"org.Step_Definition.Step_definition.userClicksTheBookNowButton()"},"keyword":"When "},{"result":{"status":"skipped"},"line":30,"name":"user Should navigate to Booking confirmation page","match":{"location":"org.Step_Definition.Step_definition.userShouldNavigateToBookingConfirmationPage()"},"keyword":"Then "},{"result":{"duration":1000300,"status":"skipped"},"line":31,"name":"user should get oderid for Booking Confirmation","match":{"location":"org.Step_Definition.Step_definition.userShouldGetOderidForBookingConfirmation()"},"keyword":"And "},{"result":{"duration":997300,"status":"skipped"},"line":32,"name":"user should click the My Itinerary button","match":{"location":"org.Step_Definition.Step_definition.userShouldClickTheMyItineraryButton()"},"keyword":"When "},{"result":{"status":"skipped"},"line":33,"name":"user should navigate to Booked Itinerary page","match":{"location":"org.Step_Definition.Step_definition.userShouldNavigateToBookedItineraryPage()"},"keyword":"Then "},{"result":{"status":"skipped"},"line":34,"name":"user Selects the oder id","match":{"location":"org.Step_Definition.Step_definition.userSelectsTheOderId()"},"keyword":"And "},{"result":{"duration":1015200,"status":"skipped"},"line":35,"name":"user clicks the cancel selected button","match":{"location":"org.Step_Definition.Step_definition.userClicksTheCancelSelectedButton()"},"keyword":"When "},{"result":{"status":"skipped"},"line":36,"name":"user select the logout button to exit","match":{"location":"org.Step_Definition.Step_definition.userSelectTheLogoutButtonToExit()"},"keyword":"And "},{"result":{"duration":1021500,"status":"skipped"},"line":37,"name":"user navigate to loggedout page to confirm","match":{"location":"org.Step_Definition.Step_definition.userNavigateToLoggedoutPageToConfirm()"},"keyword":"Then "}]}],"name":"Test Automation for Adactin loginpage","description":"","id":"test-automation-for-adactin-loginpage","keyword":"Feature","uri":"file:src/test/java/Feature/login.feature","tags":[]}]